<?xml version="1.0" encoding="UTF-8"?>
<!-- Generated by org.testng.reporters.JUnitXMLReporter -->
<testsuite ignored="0" hostname="DESKTOP-A9F4ONV" failures="0" tests="4" name="Default test" time="0.104" errors="0" timestamp="2022-10-20T21:41:14 IST">
  <testcase classname="SampleTestCase" name="firstTestCase" time="0.012"/>
  <testcase classname="SampleTestCase" name="lastTestCase" time="0.004"/>
  <testcase classname="SampleTestCase" name="secondTestCase" time="0.004"/>
  <testcase classname="SampleTestCase" name="thirdTestCase" time="0.004"/>
</testsuite> <!-- Default test -->
